<?xml version="1.0" encoding="UTF-8"?>
<!-- Generated by org.testng.reporters.JUnitReportReporter -->
<testsuite hostname="DESKTOP-JM90QOR" failures="0" tests="1" name="com.actiTime.Generic.DemoTakeScreenShort" time="29.320" errors="0" timestamp="2023-09-02T10:03:37 IST" skipped="0">
  <testcase classname="com.actiTime.Generic.DemoTakeScreenShort" name="Screenshot" time="29.320"/>
</testsuite> <!-- com.actiTime.Generic.DemoTakeScreenShort -->
