<?xml version="1.0" encoding="UTF-8"?>
<!-- Generated by org.testng.reporters.JUnitReportReporter -->
<testsuite hostname="DESKTOP-JM90QOR" failures="0" tests="5" name="practice.demo" time="0.043" errors="0" timestamp="2023-09-01T18:46:58 IST" skipped="0">
  <testcase classname="practice.demo" name="login" time="0.017">
    <system-out>
      <![CDATA[login]]>
    </system-out>
  </testcase> <!-- login -->
  <testcase classname="practice.demo" name="login2" time="0.007">
    <system-out>
      <![CDATA[logout]]>
    </system-out>
  </testcase> <!-- login2 -->
  <testcase classname="practice.demo" name="login2" time="0.006">
    <system-out>
      <![CDATA[logout]]>
    </system-out>
  </testcase> <!-- login2 -->
  <testcase classname="practice.demo" name="login2" time="0.008">
    <system-out>
      <![CDATA[logout]]>
    </system-out>
  </testcase> <!-- login2 -->
  <testcase classname="practice.demo" name="login3" time="0.005">
    <system-out>
      <![CDATA[delete customer]]>
    </system-out>
  </testcase> <!-- login3 -->
  <system-out>
    <![CDATA[login
logout
logout
logout
delete customer]]>
  </system-out>
</testsuite> <!-- practice.demo -->
